c:\users\will\desktop\tp1\x64\debug\vc141.pdb
c:\users\will\desktop\tp1\x64\debug\vc141.idb
c:\users\will\desktop\tp1\x64\debug\transmission.obj
c:\users\will\desktop\tp1\x64\debug\interferences.obj
c:\users\will\desktop\tp1\x64\debug\cable.obj
c:\users\will\desktop\tp1\x64\debug\computer.obj
c:\users\will\desktop\tp1\x64\debug\networkinterfacecard.obj
c:\users\will\desktop\tp1\x64\debug\main.obj
c:\users\will\desktop\tp1\x64\debug\timer.obj
c:\users\will\desktop\tp1\x64\debug\macaddress.obj
c:\users\will\desktop\tp1\x64\debug\databuffer.obj
c:\users\will\desktop\tp1\x64\debug\configuration.obj
c:\users\will\desktop\tp1\x64\debug\circularqueue.obj
c:\users\will\desktop\tp1\x64\debug\networkdriver.obj
c:\users\will\desktop\tp1\x64\debug\physicallayer.obj
c:\users\will\desktop\tp1\x64\debug\networklayer.obj
c:\users\will\desktop\tp1\x64\debug\linklayer.obj
c:\users\will\desktop\ift585tp1\x64\debug\vc141.pdb
c:\users\will\desktop\ift585tp1\x64\debug\vc141.idb
c:\users\will\desktop\ift585tp1\x64\debug\transmission.obj
c:\users\will\desktop\ift585tp1\x64\debug\interferences.obj
c:\users\will\desktop\ift585tp1\x64\debug\cable.obj
c:\users\will\desktop\ift585tp1\x64\debug\computer.obj
c:\users\will\desktop\ift585tp1\x64\debug\networkinterfacecard.obj
c:\users\will\desktop\ift585tp1\x64\debug\main.obj
c:\users\will\desktop\ift585tp1\x64\debug\timer.obj
c:\users\will\desktop\ift585tp1\x64\debug\macaddress.obj
c:\users\will\desktop\ift585tp1\x64\debug\databuffer.obj
c:\users\will\desktop\ift585tp1\x64\debug\configuration.obj
c:\users\will\desktop\ift585tp1\x64\debug\circularqueue.obj
c:\users\will\desktop\ift585tp1\x64\debug\networkdriver.obj
c:\users\will\desktop\ift585tp1\x64\debug\physicallayer.obj
c:\users\will\desktop\ift585tp1\x64\debug\networklayer.obj
c:\users\will\desktop\ift585tp1\x64\debug\linklayer.obj
c:\users\will\desktop\tp1\output\simulateur.ilk
c:\users\will\desktop\tp1\output\simulateur.exe
c:\users\will\desktop\tp1\output\simulateur.pdb
c:\users\will\desktop\ift585tp1\output\simulateur.exe
c:\users\will\desktop\ift585tp1\output\simulateur.ilk
c:\users\will\desktop\ift585tp1\output\simulateur.pdb
c:\users\will\desktop\ift585tp1\x64\debug\simulateur.tlog\cl.command.1.tlog
c:\users\will\desktop\ift585tp1\x64\debug\simulateur.tlog\cl.read.1.tlog
c:\users\will\desktop\ift585tp1\x64\debug\simulateur.tlog\cl.write.1.tlog
c:\users\will\desktop\ift585tp1\x64\debug\simulateur.tlog\link.command.1.tlog
c:\users\will\desktop\ift585tp1\x64\debug\simulateur.tlog\link.read.1.tlog
c:\users\will\desktop\ift585tp1\x64\debug\simulateur.tlog\link.write.1.tlog
